<?xml version="1.0" encoding="UTF-8"?>
<!-- Generated by org.testng.reporters.JUnitReportReporter -->
<testsuite hostname="DESKTOP-A46PPLV" failures="0" tests="1" name="getcoverTest.BulkAddTest" time="10.562" errors="0" timestamp="2024-04-09T16:34:50 IST" skipped="0">
  <testcase classname="getcoverTest.BulkAddTest" name="resellertest" time="10.562"/>
</testsuite> <!-- getcoverTest.BulkAddTest -->
