<?xml version="1.0" encoding="UTF-8"?>
<!-- Generated by org.testng.reporters.JUnitReportReporter -->
<testsuite hostname="DESKTOP-A46PPLV" failures="0" tests="1" name="getcoverTest.orderCustomerViewTest" time="4994.948" errors="0" timestamp="2024-04-12T14:26:54 IST" skipped="0">
  <testcase classname="getcoverTest.orderCustomerViewTest" name="orderTest" time="4994.948"/>
</testsuite> <!-- getcoverTest.orderCustomerViewTest -->
