<?xml version="1.0" encoding="UTF-8"?>
<!-- Generated by org.testng.reporters.JUnitReportReporter -->
<testsuite hostname="DESKTOP-A46PPLV" failures="0" tests="1" name="getcoverTest.BulkClaimTest" time="0.000" errors="0" timestamp="2024-07-03T17:56:53 IST" skipped="1">
  <testcase classname="getcoverTest.BulkClaimTest" name="bulkClaimTest" time="0.000">
    <skipped/>
  </testcase> <!-- bulkClaimTest -->
</testsuite> <!-- getcoverTest.BulkClaimTest -->
