<?xml version="1.0" encoding="UTF-8"?>
<!-- Generated by org.testng.reporters.JUnitReportReporter -->
<testsuite hostname="DESKTOP-A46PPLV" failures="0" tests="2" name="getcoverTest.pricebooktest" time="180.807" errors="0" timestamp="2024-03-03T23:22:02 IST" skipped="0">
  <testcase classname="getcoverTest.pricebooktest" name="resellertest" time="71.819"/>
  <testcase classname="getcoverTest.pricebooktest" name="resellertest" time="108.988"/>
</testsuite> <!-- getcoverTest.pricebooktest -->
